<?xml version="1.0" encoding="UTF-8"?>
<testsuite xmlns:xsi="http://www.w3.org/2001/XMLSchema-instance" xsi:noNamespaceSchemaLocation="https://maven.apache.org/surefire/maven-failsafe-plugin/xsd/failsafe-test-report-3.0.xsd" version="3.0" name="com.telstra.codechallenge.FunctionalIT" time="1.288" tests="5" errors="0" skipped="0" failures="5">
  <properties>
    <property name="sun.desktop" value="windows"/>
    <property name="awt.toolkit" value="sun.awt.windows.WToolkit"/>
    <property name="file.encoding.pkg" value="sun.io"/>
    <property name="java.specification.version" value="1.8"/>
    <property name="sun.cpu.isalist" value="amd64"/>
    <property name="sun.jnu.encoding" value="Cp1252"/>
    <property name="java.class.path" value="c:\spring-boot-coding-exercise\functional-tests\target\test-classes;c:\spring-boot-coding-exercise\functional-tests\target\functional-tests-1.0.0-SNAPSHOT.jar;C:\MAVEN_LIB\com\telstra\code-challenge\microservice\1.0.0-SNAPSHOT\microservice-1.0.0-SNAPSHOT.jar;C:\MAVEN_LIB\org\codehaus\jackson\jackson-mapper-asl\1.9.4\jackson-mapper-asl-1.9.4.jar;C:\MAVEN_LIB\org\codehaus\jackson\jackson-core-asl\1.9.4\jackson-core-asl-1.9.4.jar;C:\MAVEN_LIB\org\springframework\boot\spring-boot-devtools\2.2.6.RELEASE\spring-boot-devtools-2.2.6.RELEASE.jar;C:\MAVEN_LIB\org\springframework\boot\spring-boot\2.2.6.RELEASE\spring-boot-2.2.6.RELEASE.jar;C:\MAVEN_LIB\org\springframework\spring-core\5.2.5.RELEASE\spring-core-5.2.5.RELEASE.jar;C:\MAVEN_LIB\org\springframework\spring-jcl\5.2.5.RELEASE\spring-jcl-5.2.5.RELEASE.jar;C:\MAVEN_LIB\org\springframework\spring-context\5.2.5.RELEASE\spring-context-5.2.5.RELEASE.jar;C:\MAVEN_LIB\org\springframework\boot\spring-boot-starter-actuator\2.2.6.RELEASE\spring-boot-starter-actuator-2.2.6.RELEASE.jar;C:\MAVEN_LIB\org\springframework\boot\spring-boot-starter\2.2.6.RELEASE\spring-boot-starter-2.2.6.RELEASE.jar;C:\MAVEN_LIB\org\springframework\boot\spring-boot-starter-logging\2.2.6.RELEASE\spring-boot-starter-logging-2.2.6.RELEASE.jar;C:\MAVEN_LIB\org\apache\logging\log4j\log4j-to-slf4j\2.12.1\log4j-to-slf4j-2.12.1.jar;C:\MAVEN_LIB\org\apache\logging\log4j\log4j-api\2.12.1\log4j-api-2.12.1.jar;C:\MAVEN_LIB\org\slf4j\jul-to-slf4j\1.7.30\jul-to-slf4j-1.7.30.jar;C:\MAVEN_LIB\jakarta\annotation\jakarta.annotation-api\1.3.5\jakarta.annotation-api-1.3.5.jar;C:\MAVEN_LIB\org\springframework\boot\spring-boot-actuator-autoconfigure\2.2.6.RELEASE\spring-boot-actuator-autoconfigure-2.2.6.RELEASE.jar;C:\MAVEN_LIB\org\springframework\boot\spring-boot-actuator\2.2.6.RELEASE\spring-boot-actuator-2.2.6.RELEASE.jar;C:\MAVEN_LIB\com\fasterxml\jackson\core\jackson-databind\2.10.3\jackson-databind-2.10.3.jar;C:\MAVEN_LIB\com\fasterxml\jackson\core\jackson-annotations\2.10.3\jackson-annotations-2.10.3.jar;C:\MAVEN_LIB\com\fasterxml\jackson\core\jackson-core\2.10.3\jackson-core-2.10.3.jar;C:\MAVEN_LIB\com\fasterxml\jackson\datatype\jackson-datatype-jsr310\2.10.3\jackson-datatype-jsr310-2.10.3.jar;C:\MAVEN_LIB\io\micrometer\micrometer-core\1.3.6\micrometer-core-1.3.6.jar;C:\MAVEN_LIB\org\hdrhistogram\HdrHistogram\2.1.11\HdrHistogram-2.1.11.jar;C:\MAVEN_LIB\org\latencyutils\LatencyUtils\2.0.3\LatencyUtils-2.0.3.jar;C:\MAVEN_LIB\org\springframework\boot\spring-boot-starter-security\2.2.6.RELEASE\spring-boot-starter-security-2.2.6.RELEASE.jar;C:\MAVEN_LIB\org\springframework\spring-aop\5.2.5.RELEASE\spring-aop-5.2.5.RELEASE.jar;C:\MAVEN_LIB\org\springframework\spring-beans\5.2.5.RELEASE\spring-beans-5.2.5.RELEASE.jar;C:\MAVEN_LIB\org\springframework\security\spring-security-config\5.2.2.RELEASE\spring-security-config-5.2.2.RELEASE.jar;C:\MAVEN_LIB\org\springframework\security\spring-security-core\5.2.2.RELEASE\spring-security-core-5.2.2.RELEASE.jar;C:\MAVEN_LIB\org\springframework\security\spring-security-web\5.2.2.RELEASE\spring-security-web-5.2.2.RELEASE.jar;C:\MAVEN_LIB\org\springframework\spring-expression\5.2.3.RELEASE\spring-expression-5.2.3.RELEASE.jar;C:\MAVEN_LIB\org\springframework\boot\spring-boot-starter-web\2.2.6.RELEASE\spring-boot-starter-web-2.2.6.RELEASE.jar;C:\MAVEN_LIB\org\springframework\boot\spring-boot-starter-json\2.2.6.RELEASE\spring-boot-starter-json-2.2.6.RELEASE.jar;C:\MAVEN_LIB\com\fasterxml\jackson\datatype\jackson-datatype-jdk8\2.10.3\jackson-datatype-jdk8-2.10.3.jar;C:\MAVEN_LIB\com\fasterxml\jackson\module\jackson-module-parameter-names\2.10.3\jackson-module-parameter-names-2.10.3.jar;C:\MAVEN_LIB\org\springframework\boot\spring-boot-starter-tomcat\2.2.6.RELEASE\spring-boot-starter-tomcat-2.2.6.RELEASE.jar;C:\MAVEN_LIB\org\apache\tomcat\embed\tomcat-embed-core\9.0.33\tomcat-embed-core-9.0.33.jar;C:\MAVEN_LIB\org\apache\tomcat\embed\tomcat-embed-el\9.0.33\tomcat-embed-el-9.0.33.jar;C:\MAVEN_LIB\org\apache\tomcat\embed\tomcat-embed-websocket\9.0.33\tomcat-embed-websocket-9.0.33.jar;C:\MAVEN_LIB\org\springframework\boot\spring-boot-starter-validation\2.2.6.RELEASE\spring-boot-starter-validation-2.2.6.RELEASE.jar;C:\MAVEN_LIB\jakarta\validation\jakarta.validation-api\2.0.2\jakarta.validation-api-2.0.2.jar;C:\MAVEN_LIB\org\hibernate\validator\hibernate-validator\6.0.18.Final\hibernate-validator-6.0.18.Final.jar;C:\MAVEN_LIB\org\jboss\logging\jboss-logging\3.3.2.Final\jboss-logging-3.3.2.Final.jar;C:\MAVEN_LIB\com\fasterxml\classmate\1.3.4\classmate-1.3.4.jar;C:\MAVEN_LIB\org\springframework\spring-web\5.2.5.RELEASE\spring-web-5.2.5.RELEASE.jar;C:\MAVEN_LIB\org\springframework\spring-webmvc\5.2.5.RELEASE\spring-webmvc-5.2.5.RELEASE.jar;C:\MAVEN_LIB\org\springframework\boot\spring-boot-autoconfigure\2.2.6.RELEASE\spring-boot-autoconfigure-2.2.6.RELEASE.jar;C:\MAVEN_LIB\org\projectlombok\lombok\1.18.12\lombok-1.18.12.jar;C:\MAVEN_LIB\com\intuit\karate\karate-apache\0.9.5\karate-apache-0.9.5.jar;C:\MAVEN_LIB\com\intuit\karate\karate-core\0.9.5\karate-core-0.9.5.jar;C:\MAVEN_LIB\com\jayway\jsonpath\json-path\2.4.0\json-path-2.4.0.jar;C:\MAVEN_LIB\net\minidev\json-smart\2.3\json-smart-2.3.jar;C:\MAVEN_LIB\net\minidev\accessors-smart\1.2\accessors-smart-1.2.jar;C:\MAVEN_LIB\org\ow2\asm\asm\5.0.4\asm-5.0.4.jar;C:\MAVEN_LIB\info\cukes\cucumber-java\1.2.5\cucumber-java-1.2.5.jar;C:\MAVEN_LIB\info\cukes\cucumber-core\1.2.5\cucumber-core-1.2.5.jar;C:\MAVEN_LIB\org\yaml\snakeyaml\1.24\snakeyaml-1.24.jar;C:\MAVEN_LIB\de\siegmar\fastcsv\1.0.3\fastcsv-1.0.3.jar;C:\MAVEN_LIB\info\picocli\picocli\4.0.3\picocli-4.0.3.jar;C:\MAVEN_LIB\org\apache\httpcomponents\httpclient\4.5.11\httpclient-4.5.11.jar;C:\MAVEN_LIB\org\apache\httpcomponents\httpcore\4.4.13\httpcore-4.4.13.jar;C:\MAVEN_LIB\commons-codec\commons-codec\1.11\commons-codec-1.11.jar;C:\MAVEN_LIB\org\apache\httpcomponents\httpmime\4.5.11\httpmime-4.5.11.jar;C:\MAVEN_LIB\org\slf4j\jcl-over-slf4j\1.7.25\jcl-over-slf4j-1.7.25.jar;C:\MAVEN_LIB\org\slf4j\slf4j-api\1.7.25\slf4j-api-1.7.25.jar;C:\MAVEN_LIB\ch\qos\logback\logback-classic\1.2.3\logback-classic-1.2.3.jar;C:\MAVEN_LIB\ch\qos\logback\logback-core\1.2.3\logback-core-1.2.3.jar;C:\MAVEN_LIB\com\intuit\karate\karate-junit5\0.9.5\karate-junit5-0.9.5.jar;C:\MAVEN_LIB\org\junit\jupiter\junit-jupiter-api\5.5.0\junit-jupiter-api-5.5.0.jar;C:\MAVEN_LIB\org\apiguardian\apiguardian-api\1.1.0\apiguardian-api-1.1.0.jar;C:\MAVEN_LIB\org\opentest4j\opentest4j\1.2.0\opentest4j-1.2.0.jar;C:\MAVEN_LIB\org\junit\platform\junit-platform-commons\1.5.0\junit-platform-commons-1.5.0.jar;C:\MAVEN_LIB\org\junit\jupiter\junit-jupiter-engine\5.5.0\junit-jupiter-engine-5.5.0.jar;C:\MAVEN_LIB\org\junit\platform\junit-platform-engine\1.5.0\junit-platform-engine-1.5.0.jar;"/>
    <property name="java.vm.vendor" value="Oracle Corporation"/>
    <property name="sun.arch.data.model" value="64"/>
    <property name="user.variant" value=""/>
    <property name="java.vendor.url" value="http://java.oracle.com/"/>
    <property name="user.timezone" value="Asia/Calcutta"/>
    <property name="java.vm.specification.version" value="1.8"/>
    <property name="os.name" value="Windows 10"/>
    <property name="user.country" value="US"/>
    <property name="sun.java.launcher" value="SUN_STANDARD"/>
    <property name="sun.boot.library.path" value="C:\Program Files\Java\jdk1.8.0_92\jre\bin"/>
    <property name="sun.java.command" value="C:\Users\848216\AppData\Local\Temp\surefire8890735930886316296\surefirebooter5480869487009797580.jar C:\Users\848216\AppData\Local\Temp\surefire8890735930886316296 2020-08-14T01-28-37_521-jvmRun1 surefire4497574951191730968tmp surefire_04373367650853913575tmp"/>
    <property name="surefire.test.class.path" value="c:\spring-boot-coding-exercise\functional-tests\target\test-classes;c:\spring-boot-coding-exercise\functional-tests\target\functional-tests-1.0.0-SNAPSHOT.jar;C:\MAVEN_LIB\com\telstra\code-challenge\microservice\1.0.0-SNAPSHOT\microservice-1.0.0-SNAPSHOT.jar;C:\MAVEN_LIB\org\codehaus\jackson\jackson-mapper-asl\1.9.4\jackson-mapper-asl-1.9.4.jar;C:\MAVEN_LIB\org\codehaus\jackson\jackson-core-asl\1.9.4\jackson-core-asl-1.9.4.jar;C:\MAVEN_LIB\org\springframework\boot\spring-boot-devtools\2.2.6.RELEASE\spring-boot-devtools-2.2.6.RELEASE.jar;C:\MAVEN_LIB\org\springframework\boot\spring-boot\2.2.6.RELEASE\spring-boot-2.2.6.RELEASE.jar;C:\MAVEN_LIB\org\springframework\spring-core\5.2.5.RELEASE\spring-core-5.2.5.RELEASE.jar;C:\MAVEN_LIB\org\springframework\spring-jcl\5.2.5.RELEASE\spring-jcl-5.2.5.RELEASE.jar;C:\MAVEN_LIB\org\springframework\spring-context\5.2.5.RELEASE\spring-context-5.2.5.RELEASE.jar;C:\MAVEN_LIB\org\springframework\boot\spring-boot-starter-actuator\2.2.6.RELEASE\spring-boot-starter-actuator-2.2.6.RELEASE.jar;C:\MAVEN_LIB\org\springframework\boot\spring-boot-starter\2.2.6.RELEASE\spring-boot-starter-2.2.6.RELEASE.jar;C:\MAVEN_LIB\org\springframework\boot\spring-boot-starter-logging\2.2.6.RELEASE\spring-boot-starter-logging-2.2.6.RELEASE.jar;C:\MAVEN_LIB\org\apache\logging\log4j\log4j-to-slf4j\2.12.1\log4j-to-slf4j-2.12.1.jar;C:\MAVEN_LIB\org\apache\logging\log4j\log4j-api\2.12.1\log4j-api-2.12.1.jar;C:\MAVEN_LIB\org\slf4j\jul-to-slf4j\1.7.30\jul-to-slf4j-1.7.30.jar;C:\MAVEN_LIB\jakarta\annotation\jakarta.annotation-api\1.3.5\jakarta.annotation-api-1.3.5.jar;C:\MAVEN_LIB\org\springframework\boot\spring-boot-actuator-autoconfigure\2.2.6.RELEASE\spring-boot-actuator-autoconfigure-2.2.6.RELEASE.jar;C:\MAVEN_LIB\org\springframework\boot\spring-boot-actuator\2.2.6.RELEASE\spring-boot-actuator-2.2.6.RELEASE.jar;C:\MAVEN_LIB\com\fasterxml\jackson\core\jackson-databind\2.10.3\jackson-databind-2.10.3.jar;C:\MAVEN_LIB\com\fasterxml\jackson\core\jackson-annotations\2.10.3\jackson-annotations-2.10.3.jar;C:\MAVEN_LIB\com\fasterxml\jackson\core\jackson-core\2.10.3\jackson-core-2.10.3.jar;C:\MAVEN_LIB\com\fasterxml\jackson\datatype\jackson-datatype-jsr310\2.10.3\jackson-datatype-jsr310-2.10.3.jar;C:\MAVEN_LIB\io\micrometer\micrometer-core\1.3.6\micrometer-core-1.3.6.jar;C:\MAVEN_LIB\org\hdrhistogram\HdrHistogram\2.1.11\HdrHistogram-2.1.11.jar;C:\MAVEN_LIB\org\latencyutils\LatencyUtils\2.0.3\LatencyUtils-2.0.3.jar;C:\MAVEN_LIB\org\springframework\boot\spring-boot-starter-security\2.2.6.RELEASE\spring-boot-starter-security-2.2.6.RELEASE.jar;C:\MAVEN_LIB\org\springframework\spring-aop\5.2.5.RELEASE\spring-aop-5.2.5.RELEASE.jar;C:\MAVEN_LIB\org\springframework\spring-beans\5.2.5.RELEASE\spring-beans-5.2.5.RELEASE.jar;C:\MAVEN_LIB\org\springframework\security\spring-security-config\5.2.2.RELEASE\spring-security-config-5.2.2.RELEASE.jar;C:\MAVEN_LIB\org\springframework\security\spring-security-core\5.2.2.RELEASE\spring-security-core-5.2.2.RELEASE.jar;C:\MAVEN_LIB\org\springframework\security\spring-security-web\5.2.2.RELEASE\spring-security-web-5.2.2.RELEASE.jar;C:\MAVEN_LIB\org\springframework\spring-expression\5.2.3.RELEASE\spring-expression-5.2.3.RELEASE.jar;C:\MAVEN_LIB\org\springframework\boot\spring-boot-starter-web\2.2.6.RELEASE\spring-boot-starter-web-2.2.6.RELEASE.jar;C:\MAVEN_LIB\org\springframework\boot\spring-boot-starter-json\2.2.6.RELEASE\spring-boot-starter-json-2.2.6.RELEASE.jar;C:\MAVEN_LIB\com\fasterxml\jackson\datatype\jackson-datatype-jdk8\2.10.3\jackson-datatype-jdk8-2.10.3.jar;C:\MAVEN_LIB\com\fasterxml\jackson\module\jackson-module-parameter-names\2.10.3\jackson-module-parameter-names-2.10.3.jar;C:\MAVEN_LIB\org\springframework\boot\spring-boot-starter-tomcat\2.2.6.RELEASE\spring-boot-starter-tomcat-2.2.6.RELEASE.jar;C:\MAVEN_LIB\org\apache\tomcat\embed\tomcat-embed-core\9.0.33\tomcat-embed-core-9.0.33.jar;C:\MAVEN_LIB\org\apache\tomcat\embed\tomcat-embed-el\9.0.33\tomcat-embed-el-9.0.33.jar;C:\MAVEN_LIB\org\apache\tomcat\embed\tomcat-embed-websocket\9.0.33\tomcat-embed-websocket-9.0.33.jar;C:\MAVEN_LIB\org\springframework\boot\spring-boot-starter-validation\2.2.6.RELEASE\spring-boot-starter-validation-2.2.6.RELEASE.jar;C:\MAVEN_LIB\jakarta\validation\jakarta.validation-api\2.0.2\jakarta.validation-api-2.0.2.jar;C:\MAVEN_LIB\org\hibernate\validator\hibernate-validator\6.0.18.Final\hibernate-validator-6.0.18.Final.jar;C:\MAVEN_LIB\org\jboss\logging\jboss-logging\3.3.2.Final\jboss-logging-3.3.2.Final.jar;C:\MAVEN_LIB\com\fasterxml\classmate\1.3.4\classmate-1.3.4.jar;C:\MAVEN_LIB\org\springframework\spring-web\5.2.5.RELEASE\spring-web-5.2.5.RELEASE.jar;C:\MAVEN_LIB\org\springframework\spring-webmvc\5.2.5.RELEASE\spring-webmvc-5.2.5.RELEASE.jar;C:\MAVEN_LIB\org\springframework\boot\spring-boot-autoconfigure\2.2.6.RELEASE\spring-boot-autoconfigure-2.2.6.RELEASE.jar;C:\MAVEN_LIB\org\projectlombok\lombok\1.18.12\lombok-1.18.12.jar;C:\MAVEN_LIB\com\intuit\karate\karate-apache\0.9.5\karate-apache-0.9.5.jar;C:\MAVEN_LIB\com\intuit\karate\karate-core\0.9.5\karate-core-0.9.5.jar;C:\MAVEN_LIB\com\jayway\jsonpath\json-path\2.4.0\json-path-2.4.0.jar;C:\MAVEN_LIB\net\minidev\json-smart\2.3\json-smart-2.3.jar;C:\MAVEN_LIB\net\minidev\accessors-smart\1.2\accessors-smart-1.2.jar;C:\MAVEN_LIB\org\ow2\asm\asm\5.0.4\asm-5.0.4.jar;C:\MAVEN_LIB\info\cukes\cucumber-java\1.2.5\cucumber-java-1.2.5.jar;C:\MAVEN_LIB\info\cukes\cucumber-core\1.2.5\cucumber-core-1.2.5.jar;C:\MAVEN_LIB\org\yaml\snakeyaml\1.24\snakeyaml-1.24.jar;C:\MAVEN_LIB\de\siegmar\fastcsv\1.0.3\fastcsv-1.0.3.jar;C:\MAVEN_LIB\info\picocli\picocli\4.0.3\picocli-4.0.3.jar;C:\MAVEN_LIB\org\apache\httpcomponents\httpclient\4.5.11\httpclient-4.5.11.jar;C:\MAVEN_LIB\org\apache\httpcomponents\httpcore\4.4.13\httpcore-4.4.13.jar;C:\MAVEN_LIB\commons-codec\commons-codec\1.11\commons-codec-1.11.jar;C:\MAVEN_LIB\org\apache\httpcomponents\httpmime\4.5.11\httpmime-4.5.11.jar;C:\MAVEN_LIB\org\slf4j\jcl-over-slf4j\1.7.25\jcl-over-slf4j-1.7.25.jar;C:\MAVEN_LIB\org\slf4j\slf4j-api\1.7.25\slf4j-api-1.7.25.jar;C:\MAVEN_LIB\ch\qos\logback\logback-classic\1.2.3\logback-classic-1.2.3.jar;C:\MAVEN_LIB\ch\qos\logback\logback-core\1.2.3\logback-core-1.2.3.jar;C:\MAVEN_LIB\com\intuit\karate\karate-junit5\0.9.5\karate-junit5-0.9.5.jar;C:\MAVEN_LIB\org\junit\jupiter\junit-jupiter-api\5.5.0\junit-jupiter-api-5.5.0.jar;C:\MAVEN_LIB\org\apiguardian\apiguardian-api\1.1.0\apiguardian-api-1.1.0.jar;C:\MAVEN_LIB\org\opentest4j\opentest4j\1.2.0\opentest4j-1.2.0.jar;C:\MAVEN_LIB\org\junit\platform\junit-platform-commons\1.5.0\junit-platform-commons-1.5.0.jar;C:\MAVEN_LIB\org\junit\jupiter\junit-jupiter-engine\5.5.0\junit-jupiter-engine-5.5.0.jar;C:\MAVEN_LIB\org\junit\platform\junit-platform-engine\1.5.0\junit-platform-engine-1.5.0.jar;"/>
    <property name="sun.cpu.endian" value="little"/>
    <property name="user.home" value="C:\Users\848216"/>
    <property name="user.language" value="en"/>
    <property name="java.specification.vendor" value="Oracle Corporation"/>
    <property name="java.home" value="C:\Program Files\Java\jdk1.8.0_92\jre"/>
    <property name="basedir" value="c:\spring-boot-coding-exercise\functional-tests"/>
    <property name="file.separator" value="\"/>
    <property name="line.separator" value="&#10;"/>
    <property name="java.vm.specification.vendor" value="Oracle Corporation"/>
    <property name="java.specification.name" value="Java Platform API Specification"/>
    <property name="java.awt.graphicsenv" value="sun.awt.Win32GraphicsEnvironment"/>
    <property name="surefire.real.class.path" value="C:\Users\848216\AppData\Local\Temp\surefire8890735930886316296\surefirebooter5480869487009797580.jar"/>
    <property name="sun.boot.class.path" value="C:\Program Files\Java\jdk1.8.0_92\jre\lib\resources.jar;C:\Program Files\Java\jdk1.8.0_92\jre\lib\rt.jar;C:\Program Files\Java\jdk1.8.0_92\jre\lib\sunrsasign.jar;C:\Program Files\Java\jdk1.8.0_92\jre\lib\jsse.jar;C:\Program Files\Java\jdk1.8.0_92\jre\lib\jce.jar;C:\Program Files\Java\jdk1.8.0_92\jre\lib\charsets.jar;C:\Program Files\Java\jdk1.8.0_92\jre\lib\jfr.jar;C:\Program Files\Java\jdk1.8.0_92\jre\classes"/>
    <property name="user.script" value=""/>
    <property name="sun.management.compiler" value="HotSpot 64-Bit Tiered Compilers"/>
    <property name="java.runtime.version" value="1.8.0_92-b14"/>
    <property name="user.name" value="848216"/>
    <property name="path.separator" value=";"/>
    <property name="os.version" value="10.0"/>
    <property name="java.endorsed.dirs" value="C:\Program Files\Java\jdk1.8.0_92\jre\lib\endorsed"/>
    <property name="java.runtime.name" value="Java(TM) SE Runtime Environment"/>
    <property name="file.encoding" value="Cp1252"/>
    <property name="java.vm.name" value="Java HotSpot(TM) 64-Bit Server VM"/>
    <property name="localRepository" value="C:\MAVEN_LIB"/>
    <property name="java.vendor.url.bug" value="http://bugreport.sun.com/bugreport/"/>
    <property name="java.io.tmpdir" value="C:\Users\848216\AppData\Local\Temp\"/>
    <property name="java.version" value="1.8.0_92"/>
    <property name="user.dir" value="c:\spring-boot-coding-exercise\functional-tests"/>
    <property name="os.arch" value="amd64"/>
    <property name="java.vm.specification.name" value="Java Virtual Machine Specification"/>
    <property name="java.awt.printerjob" value="sun.awt.windows.WPrinterJob"/>
    <property name="sun.os.patch.level" value=""/>
    <property name="java.library.path" value="C:\Program Files\Java\jdk1.8.0_92\jre\bin;C:\WINDOWS\Sun\Java\bin;C:\WINDOWS\system32;C:\WINDOWS;C:\WINDOWS\system32;C:\WINDOWS;C:\WINDOWS\System32\Wbem;C:\WINDOWS\System32\WindowsPowerShell\v1.0\;C:\WINDOWS\System32\OpenSSH\;C:\Program Files (x86)\Webex\Webex\Applications;C:\Program Files\Git\cmd;C:\Program Files\Java\jdk1.8.0_92\bin;C:\apache-maven-3.5.4\bin;C:\Program Files\nodejs\;C:\Program Files\Git\bin;C:\Users\848216\AppData\Local\Microsoft\WindowsApps;C:\Users\848216\AppData\Roaming\npm;C:\Users\848216\AppData\Local\Programs\Microsoft VS Code\bin;."/>
    <property name="java.vm.info" value="mixed mode"/>
    <property name="java.vendor" value="Oracle Corporation"/>
    <property name="java.vm.version" value="25.92-b14"/>
    <property name="java.ext.dirs" value="C:\Program Files\Java\jdk1.8.0_92\jre\lib\ext;C:\WINDOWS\Sun\Java\lib\ext"/>
    <property name="sun.io.unicode.encoding" value="UnicodeLittle"/>
    <property name="java.class.version" value="52.0"/>
  </properties>
  <testcase name="testMicroservice" classname="com.telstra.codechallenge.FunctionalIT" time="0.294">
    <failure type="org.opentest4j.AssertionFailedError"><![CDATA[org.opentest4j.AssertionFailedError: microservice.feature:6 - evaluation of 'karate-config.js' failed: javascript function call failed: ReferenceError: "karate" is not defined
]]></failure>
    <system-out><![CDATA[01:28:46.562 [main] ERROR com.intuit.karate - javascript function call failed: ReferenceError: "karate" is not defined
01:28:46.567 [main] ERROR com.intuit.karate - failed function body: function() {
  // See https://github.com/intuit/karate#karate-configjs for information on
  // this file.

  karate.configure("connectTimeout", 5000);
  karate.configure("readTimeout", 5000);

  var protocol = "http";
  var host = "localhost";

  var microservicePort = karate.properties["microservice.port"];
  if (!microservicePort) {
    microservicePort = "8080";
  }

  config = {};
  config.microserviceUrl = protocol + "://" + host + ":" + microservicePort;
  return config;
}
01:28:46.567 [main] ERROR com.intuit.karate - evaluation of 'karate-config.js' failed: javascript function call failed: ReferenceError: "karate" is not defined
---------------------------------------------------------
feature: classpath:com/telstra/codechallenge/microservice.feature
scenarios:  1 | passed:  0 | failed:  1 | time: 0.0000
---------------------------------------------------------

HTML report: (paste into browser to view) | Karate version: 0.9.5
file:/c:/spring-boot-coding-exercise/functional-tests/target/surefire-reports/com.telstra.codechallenge.microservice.html
---------------------------------------------------------

]]></system-out>
  </testcase>
  <testcase name="testMicroservice" classname="com.telstra.codechallenge.FunctionalIT" time="0.082">
    <failure type="org.opentest4j.AssertionFailedError"><![CDATA[org.opentest4j.AssertionFailedError: microservice.feature:13 - evaluation of 'karate-config.js' failed: javascript function call failed: ReferenceError: "karate" is not defined
]]></failure>
    <system-out><![CDATA[01:28:46.745 [main] ERROR com.intuit.karate - javascript function call failed: ReferenceError: "karate" is not defined
01:28:46.745 [main] ERROR com.intuit.karate - failed function body: function() {
  // See https://github.com/intuit/karate#karate-configjs for information on
  // this file.

  karate.configure("connectTimeout", 5000);
  karate.configure("readTimeout", 5000);

  var protocol = "http";
  var host = "localhost";

  var microservicePort = karate.properties["microservice.port"];
  if (!microservicePort) {
    microservicePort = "8080";
  }

  config = {};
  config.microserviceUrl = protocol + "://" + host + ":" + microservicePort;
  return config;
}
01:28:46.746 [main] ERROR com.intuit.karate - evaluation of 'karate-config.js' failed: javascript function call failed: ReferenceError: "karate" is not defined
---------------------------------------------------------
feature: classpath:com/telstra/codechallenge/microservice.feature
scenarios:  3 | passed:  0 | failed:  3 | time: 0.0000
---------------------------------------------------------

HTML report: (paste into browser to view) | Karate version: 0.9.5
file:/c:/spring-boot-coding-exercise/functional-tests/target/surefire-reports/com.telstra.codechallenge.microservice.html
---------------------------------------------------------

]]></system-out>
  </testcase>
  <testcase name="testQuotes" classname="com.telstra.codechallenge.FunctionalIT" time="0.058">
    <failure type="org.opentest4j.AssertionFailedError"><![CDATA[org.opentest4j.AssertionFailedError: quotes.feature:6 - evaluation of 'karate-config.js' failed: javascript function call failed: ReferenceError: "karate" is not defined
]]></failure>
    <system-out><![CDATA[01:28:46.873 [main] ERROR com.intuit.karate - javascript function call failed: ReferenceError: "karate" is not defined
01:28:46.874 [main] ERROR com.intuit.karate - failed function body: function() {
  // See https://github.com/intuit/karate#karate-configjs for information on
  // this file.

  karate.configure("connectTimeout", 5000);
  karate.configure("readTimeout", 5000);

  var protocol = "http";
  var host = "localhost";

  var microservicePort = karate.properties["microservice.port"];
  if (!microservicePort) {
    microservicePort = "8080";
  }

  config = {};
  config.microserviceUrl = protocol + "://" + host + ":" + microservicePort;
  return config;
}
01:28:46.874 [main] ERROR com.intuit.karate - evaluation of 'karate-config.js' failed: javascript function call failed: ReferenceError: "karate" is not defined
---------------------------------------------------------
feature: classpath:com/telstra/codechallenge/quotes.feature
scenarios:  1 | passed:  0 | failed:  1 | time: 0.0000
---------------------------------------------------------

HTML report: (paste into browser to view) | Karate version: 0.9.5
file:/c:/spring-boot-coding-exercise/functional-tests/target/surefire-reports/com.telstra.codechallenge.quotes.html
---------------------------------------------------------

]]></system-out>
  </testcase>
  <testcase name="testQuotes" classname="com.telstra.codechallenge.FunctionalIT" time="0.056">
    <failure type="org.opentest4j.AssertionFailedError"><![CDATA[org.opentest4j.AssertionFailedError: quotes.feature:24 - evaluation of 'karate-config.js' failed: javascript function call failed: ReferenceError: "karate" is not defined
]]></failure>
    <system-out><![CDATA[01:28:46.937 [main] ERROR com.intuit.karate - javascript function call failed: ReferenceError: "karate" is not defined
01:28:46.938 [main] ERROR com.intuit.karate - failed function body: function() {
  // See https://github.com/intuit/karate#karate-configjs for information on
  // this file.

  karate.configure("connectTimeout", 5000);
  karate.configure("readTimeout", 5000);

  var protocol = "http";
  var host = "localhost";

  var microservicePort = karate.properties["microservice.port"];
  if (!microservicePort) {
    microservicePort = "8080";
  }

  config = {};
  config.microserviceUrl = protocol + "://" + host + ":" + microservicePort;
  return config;
}
01:28:46.939 [main] ERROR com.intuit.karate - evaluation of 'karate-config.js' failed: javascript function call failed: ReferenceError: "karate" is not defined
---------------------------------------------------------
feature: classpath:com/telstra/codechallenge/quotes.feature
scenarios:  3 | passed:  0 | failed:  3 | time: 0.0000
---------------------------------------------------------

HTML report: (paste into browser to view) | Karate version: 0.9.5
file:/c:/spring-boot-coding-exercise/functional-tests/target/surefire-reports/com.telstra.codechallenge.quotes.html
---------------------------------------------------------

]]></system-out>
  </testcase>
  <testcase name="testHelloWorld" classname="com.telstra.codechallenge.FunctionalIT" time="0.048">
    <failure type="org.opentest4j.AssertionFailedError"><![CDATA[org.opentest4j.AssertionFailedError: helloworld.feature:6 - evaluation of 'karate-config.js' failed: javascript function call failed: ReferenceError: "karate" is not defined
]]></failure>
    <system-out><![CDATA[01:28:47.023 [main] ERROR com.intuit.karate - javascript function call failed: ReferenceError: "karate" is not defined
01:28:47.024 [main] ERROR com.intuit.karate - failed function body: function() {
  // See https://github.com/intuit/karate#karate-configjs for information on
  // this file.

  karate.configure("connectTimeout", 5000);
  karate.configure("readTimeout", 5000);

  var protocol = "http";
  var host = "localhost";

  var microservicePort = karate.properties["microservice.port"];
  if (!microservicePort) {
    microservicePort = "8080";
  }

  config = {};
  config.microserviceUrl = protocol + "://" + host + ":" + microservicePort;
  return config;
}
01:28:47.025 [main] ERROR com.intuit.karate - evaluation of 'karate-config.js' failed: javascript function call failed: ReferenceError: "karate" is not defined
---------------------------------------------------------
feature: classpath:com/telstra/codechallenge/helloworld.feature
scenarios:  1 | passed:  0 | failed:  1 | time: 0.0000
---------------------------------------------------------

HTML report: (paste into browser to view) | Karate version: 0.9.5
file:/c:/spring-boot-coding-exercise/functional-tests/target/surefire-reports/com.telstra.codechallenge.helloworld.html
---------------------------------------------------------

]]></system-out>
  </testcase>
</testsuite>