<?xml version="1.0" encoding="UTF-8"?>
<testsuite xmlns:xsi="http://www.w3.org/2001/XMLSchema-instance" xsi:noNamespaceSchemaLocation="https://maven.apache.org/surefire/maven-surefire-plugin/xsd/surefire-test-report.xsd" name="com.telstra.codechallenge.FunctionalIT" time="17.351" tests="7" errors="0" skipped="0" failures="0">
  <properties>
    <property name="sun.desktop" value="windows"/>
    <property name="awt.toolkit" value="sun.awt.windows.WToolkit"/>
    <property name="file.encoding.pkg" value="sun.io"/>
    <property name="java.specification.version" value="1.8"/>
    <property name="sun.cpu.isalist" value="amd64"/>
    <property name="sun.jnu.encoding" value="Cp1252"/>
    <property name="java.class.path" value="E:\sandeep\spring-boot-coding-exercise\functional-tests\target\test-classes;E:\sandeep\spring-boot-coding-exercise\functional-tests\target\classes;D:\MAVEN_LIB\com\telstra\code-challenge\microservice\1.0.0-SNAPSHOT\microservice-1.0.0-SNAPSHOT.jar;D:\MAVEN_LIB\org\codehaus\jackson\jackson-mapper-asl\1.9.4\jackson-mapper-asl-1.9.4.jar;D:\MAVEN_LIB\org\codehaus\jackson\jackson-core-asl\1.9.4\jackson-core-asl-1.9.4.jar;D:\MAVEN_LIB\org\springframework\boot\spring-boot-devtools\2.2.6.RELEASE\spring-boot-devtools-2.2.6.RELEASE.jar;D:\MAVEN_LIB\org\springframework\boot\spring-boot\2.2.6.RELEASE\spring-boot-2.2.6.RELEASE.jar;D:\MAVEN_LIB\org\springframework\spring-core\5.2.5.RELEASE\spring-core-5.2.5.RELEASE.jar;D:\MAVEN_LIB\org\springframework\spring-jcl\5.2.5.RELEASE\spring-jcl-5.2.5.RELEASE.jar;D:\MAVEN_LIB\org\springframework\spring-context\5.2.5.RELEASE\spring-context-5.2.5.RELEASE.jar;D:\MAVEN_LIB\org\springframework\boot\spring-boot-starter-actuator\2.2.6.RELEASE\spring-boot-starter-actuator-2.2.6.RELEASE.jar;D:\MAVEN_LIB\org\springframework\boot\spring-boot-starter\2.2.6.RELEASE\spring-boot-starter-2.2.6.RELEASE.jar;D:\MAVEN_LIB\org\springframework\boot\spring-boot-starter-logging\2.2.6.RELEASE\spring-boot-starter-logging-2.2.6.RELEASE.jar;D:\MAVEN_LIB\org\apache\logging\log4j\log4j-to-slf4j\2.12.1\log4j-to-slf4j-2.12.1.jar;D:\MAVEN_LIB\org\apache\logging\log4j\log4j-api\2.12.1\log4j-api-2.12.1.jar;D:\MAVEN_LIB\org\slf4j\jul-to-slf4j\1.7.30\jul-to-slf4j-1.7.30.jar;D:\MAVEN_LIB\jakarta\annotation\jakarta.annotation-api\1.3.5\jakarta.annotation-api-1.3.5.jar;D:\MAVEN_LIB\org\springframework\boot\spring-boot-actuator-autoconfigure\2.2.6.RELEASE\spring-boot-actuator-autoconfigure-2.2.6.RELEASE.jar;D:\MAVEN_LIB\org\springframework\boot\spring-boot-actuator\2.2.6.RELEASE\spring-boot-actuator-2.2.6.RELEASE.jar;D:\MAVEN_LIB\com\fasterxml\jackson\core\jackson-databind\2.10.3\jackson-databind-2.10.3.jar;D:\MAVEN_LIB\com\fasterxml\jackson\core\jackson-annotations\2.10.3\jackson-annotations-2.10.3.jar;D:\MAVEN_LIB\com\fasterxml\jackson\core\jackson-core\2.10.3\jackson-core-2.10.3.jar;D:\MAVEN_LIB\com\fasterxml\jackson\datatype\jackson-datatype-jsr310\2.10.3\jackson-datatype-jsr310-2.10.3.jar;D:\MAVEN_LIB\io\micrometer\micrometer-core\1.3.6\micrometer-core-1.3.6.jar;D:\MAVEN_LIB\org\hdrhistogram\HdrHistogram\2.1.11\HdrHistogram-2.1.11.jar;D:\MAVEN_LIB\org\latencyutils\LatencyUtils\2.0.3\LatencyUtils-2.0.3.jar;D:\MAVEN_LIB\org\springframework\boot\spring-boot-starter-security\2.2.6.RELEASE\spring-boot-starter-security-2.2.6.RELEASE.jar;D:\MAVEN_LIB\org\springframework\spring-aop\5.2.5.RELEASE\spring-aop-5.2.5.RELEASE.jar;D:\MAVEN_LIB\org\springframework\spring-beans\5.2.5.RELEASE\spring-beans-5.2.5.RELEASE.jar;D:\MAVEN_LIB\org\springframework\security\spring-security-config\5.2.2.RELEASE\spring-security-config-5.2.2.RELEASE.jar;D:\MAVEN_LIB\org\springframework\security\spring-security-core\5.2.2.RELEASE\spring-security-core-5.2.2.RELEASE.jar;D:\MAVEN_LIB\org\springframework\security\spring-security-web\5.2.2.RELEASE\spring-security-web-5.2.2.RELEASE.jar;D:\MAVEN_LIB\org\springframework\spring-expression\5.2.3.RELEASE\spring-expression-5.2.3.RELEASE.jar;D:\MAVEN_LIB\org\springframework\boot\spring-boot-starter-web\2.2.6.RELEASE\spring-boot-starter-web-2.2.6.RELEASE.jar;D:\MAVEN_LIB\org\springframework\boot\spring-boot-starter-json\2.2.6.RELEASE\spring-boot-starter-json-2.2.6.RELEASE.jar;D:\MAVEN_LIB\com\fasterxml\jackson\datatype\jackson-datatype-jdk8\2.10.3\jackson-datatype-jdk8-2.10.3.jar;D:\MAVEN_LIB\com\fasterxml\jackson\module\jackson-module-parameter-names\2.10.3\jackson-module-parameter-names-2.10.3.jar;D:\MAVEN_LIB\org\springframework\boot\spring-boot-starter-tomcat\2.2.6.RELEASE\spring-boot-starter-tomcat-2.2.6.RELEASE.jar;D:\MAVEN_LIB\org\apache\tomcat\embed\tomcat-embed-core\9.0.33\tomcat-embed-core-9.0.33.jar;D:\MAVEN_LIB\org\apache\tomcat\embed\tomcat-embed-el\9.0.33\tomcat-embed-el-9.0.33.jar;D:\MAVEN_LIB\org\apache\tomcat\embed\tomcat-embed-websocket\9.0.33\tomcat-embed-websocket-9.0.33.jar;D:\MAVEN_LIB\org\springframework\boot\spring-boot-starter-validation\2.2.6.RELEASE\spring-boot-starter-validation-2.2.6.RELEASE.jar;D:\MAVEN_LIB\jakarta\validation\jakarta.validation-api\2.0.2\jakarta.validation-api-2.0.2.jar;D:\MAVEN_LIB\org\hibernate\validator\hibernate-validator\6.0.18.Final\hibernate-validator-6.0.18.Final.jar;D:\MAVEN_LIB\org\jboss\logging\jboss-logging\3.3.2.Final\jboss-logging-3.3.2.Final.jar;D:\MAVEN_LIB\com\fasterxml\classmate\1.3.4\classmate-1.3.4.jar;D:\MAVEN_LIB\org\springframework\spring-web\5.2.5.RELEASE\spring-web-5.2.5.RELEASE.jar;D:\MAVEN_LIB\org\springframework\spring-webmvc\5.2.5.RELEASE\spring-webmvc-5.2.5.RELEASE.jar;D:\MAVEN_LIB\org\springframework\boot\spring-boot-autoconfigure\2.2.6.RELEASE\spring-boot-autoconfigure-2.2.6.RELEASE.jar;D:\MAVEN_LIB\org\projectlombok\lombok\1.18.12\lombok-1.18.12.jar;D:\MAVEN_LIB\com\intuit\karate\karate-apache\0.9.5\karate-apache-0.9.5.jar;D:\MAVEN_LIB\com\intuit\karate\karate-core\0.9.5\karate-core-0.9.5.jar;D:\MAVEN_LIB\com\jayway\jsonpath\json-path\2.4.0\json-path-2.4.0.jar;D:\MAVEN_LIB\net\minidev\json-smart\2.3\json-smart-2.3.jar;D:\MAVEN_LIB\net\minidev\accessors-smart\1.2\accessors-smart-1.2.jar;D:\MAVEN_LIB\org\ow2\asm\asm\5.0.4\asm-5.0.4.jar;D:\MAVEN_LIB\info\cukes\cucumber-java\1.2.5\cucumber-java-1.2.5.jar;D:\MAVEN_LIB\info\cukes\cucumber-core\1.2.5\cucumber-core-1.2.5.jar;D:\MAVEN_LIB\org\yaml\snakeyaml\1.24\snakeyaml-1.24.jar;D:\MAVEN_LIB\de\siegmar\fastcsv\1.0.3\fastcsv-1.0.3.jar;D:\MAVEN_LIB\info\picocli\picocli\4.0.3\picocli-4.0.3.jar;D:\MAVEN_LIB\org\apache\httpcomponents\httpclient\4.5.11\httpclient-4.5.11.jar;D:\MAVEN_LIB\org\apache\httpcomponents\httpcore\4.4.13\httpcore-4.4.13.jar;D:\MAVEN_LIB\commons-codec\commons-codec\1.11\commons-codec-1.11.jar;D:\MAVEN_LIB\org\apache\httpcomponents\httpmime\4.5.11\httpmime-4.5.11.jar;D:\MAVEN_LIB\org\slf4j\jcl-over-slf4j\1.7.25\jcl-over-slf4j-1.7.25.jar;D:\MAVEN_LIB\org\slf4j\slf4j-api\1.7.25\slf4j-api-1.7.25.jar;D:\MAVEN_LIB\ch\qos\logback\logback-classic\1.2.3\logback-classic-1.2.3.jar;D:\MAVEN_LIB\ch\qos\logback\logback-core\1.2.3\logback-core-1.2.3.jar;D:\MAVEN_LIB\com\intuit\karate\karate-junit5\0.9.5\karate-junit5-0.9.5.jar;D:\MAVEN_LIB\org\junit\jupiter\junit-jupiter-api\5.5.0\junit-jupiter-api-5.5.0.jar;D:\MAVEN_LIB\org\apiguardian\apiguardian-api\1.1.0\apiguardian-api-1.1.0.jar;D:\MAVEN_LIB\org\opentest4j\opentest4j\1.2.0\opentest4j-1.2.0.jar;D:\MAVEN_LIB\org\junit\platform\junit-platform-commons\1.5.0\junit-platform-commons-1.5.0.jar;D:\MAVEN_LIB\org\junit\jupiter\junit-jupiter-engine\5.5.0\junit-jupiter-engine-5.5.0.jar;D:\MAVEN_LIB\org\junit\platform\junit-platform-engine\1.5.0\junit-platform-engine-1.5.0.jar;"/>
    <property name="java.vm.vendor" value="Oracle Corporation"/>
    <property name="sun.arch.data.model" value="64"/>
    <property name="user.variant" value=""/>
    <property name="java.vendor.url" value="http://java.oracle.com/"/>
    <property name="user.timezone" value="Asia/Calcutta"/>
    <property name="java.vm.specification.version" value="1.8"/>
    <property name="os.name" value="Windows 10"/>
    <property name="user.country" value="IN"/>
    <property name="sun.java.launcher" value="SUN_STANDARD"/>
    <property name="sun.boot.library.path" value="C:\Program Files\Java\jdk1.8.0_261\jre\bin"/>
    <property name="sun.java.command" value="C:\Users\SANDEEP\AppData\Local\Temp\surefire4782318817399562169\surefirebooter8257928189693713687.jar C:\Users\SANDEEP\AppData\Local\Temp\surefire4782318817399562169 2020-08-14T05-44-52_428-jvmRun1 surefire6255838750078831245tmp surefire_04618833601416975081tmp"/>
    <property name="test" value="FunctionalIT"/>
    <property name="surefire.test.class.path" value="E:\sandeep\spring-boot-coding-exercise\functional-tests\target\test-classes;E:\sandeep\spring-boot-coding-exercise\functional-tests\target\classes;D:\MAVEN_LIB\com\telstra\code-challenge\microservice\1.0.0-SNAPSHOT\microservice-1.0.0-SNAPSHOT.jar;D:\MAVEN_LIB\org\codehaus\jackson\jackson-mapper-asl\1.9.4\jackson-mapper-asl-1.9.4.jar;D:\MAVEN_LIB\org\codehaus\jackson\jackson-core-asl\1.9.4\jackson-core-asl-1.9.4.jar;D:\MAVEN_LIB\org\springframework\boot\spring-boot-devtools\2.2.6.RELEASE\spring-boot-devtools-2.2.6.RELEASE.jar;D:\MAVEN_LIB\org\springframework\boot\spring-boot\2.2.6.RELEASE\spring-boot-2.2.6.RELEASE.jar;D:\MAVEN_LIB\org\springframework\spring-core\5.2.5.RELEASE\spring-core-5.2.5.RELEASE.jar;D:\MAVEN_LIB\org\springframework\spring-jcl\5.2.5.RELEASE\spring-jcl-5.2.5.RELEASE.jar;D:\MAVEN_LIB\org\springframework\spring-context\5.2.5.RELEASE\spring-context-5.2.5.RELEASE.jar;D:\MAVEN_LIB\org\springframework\boot\spring-boot-starter-actuator\2.2.6.RELEASE\spring-boot-starter-actuator-2.2.6.RELEASE.jar;D:\MAVEN_LIB\org\springframework\boot\spring-boot-starter\2.2.6.RELEASE\spring-boot-starter-2.2.6.RELEASE.jar;D:\MAVEN_LIB\org\springframework\boot\spring-boot-starter-logging\2.2.6.RELEASE\spring-boot-starter-logging-2.2.6.RELEASE.jar;D:\MAVEN_LIB\org\apache\logging\log4j\log4j-to-slf4j\2.12.1\log4j-to-slf4j-2.12.1.jar;D:\MAVEN_LIB\org\apache\logging\log4j\log4j-api\2.12.1\log4j-api-2.12.1.jar;D:\MAVEN_LIB\org\slf4j\jul-to-slf4j\1.7.30\jul-to-slf4j-1.7.30.jar;D:\MAVEN_LIB\jakarta\annotation\jakarta.annotation-api\1.3.5\jakarta.annotation-api-1.3.5.jar;D:\MAVEN_LIB\org\springframework\boot\spring-boot-actuator-autoconfigure\2.2.6.RELEASE\spring-boot-actuator-autoconfigure-2.2.6.RELEASE.jar;D:\MAVEN_LIB\org\springframework\boot\spring-boot-actuator\2.2.6.RELEASE\spring-boot-actuator-2.2.6.RELEASE.jar;D:\MAVEN_LIB\com\fasterxml\jackson\core\jackson-databind\2.10.3\jackson-databind-2.10.3.jar;D:\MAVEN_LIB\com\fasterxml\jackson\core\jackson-annotations\2.10.3\jackson-annotations-2.10.3.jar;D:\MAVEN_LIB\com\fasterxml\jackson\core\jackson-core\2.10.3\jackson-core-2.10.3.jar;D:\MAVEN_LIB\com\fasterxml\jackson\datatype\jackson-datatype-jsr310\2.10.3\jackson-datatype-jsr310-2.10.3.jar;D:\MAVEN_LIB\io\micrometer\micrometer-core\1.3.6\micrometer-core-1.3.6.jar;D:\MAVEN_LIB\org\hdrhistogram\HdrHistogram\2.1.11\HdrHistogram-2.1.11.jar;D:\MAVEN_LIB\org\latencyutils\LatencyUtils\2.0.3\LatencyUtils-2.0.3.jar;D:\MAVEN_LIB\org\springframework\boot\spring-boot-starter-security\2.2.6.RELEASE\spring-boot-starter-security-2.2.6.RELEASE.jar;D:\MAVEN_LIB\org\springframework\spring-aop\5.2.5.RELEASE\spring-aop-5.2.5.RELEASE.jar;D:\MAVEN_LIB\org\springframework\spring-beans\5.2.5.RELEASE\spring-beans-5.2.5.RELEASE.jar;D:\MAVEN_LIB\org\springframework\security\spring-security-config\5.2.2.RELEASE\spring-security-config-5.2.2.RELEASE.jar;D:\MAVEN_LIB\org\springframework\security\spring-security-core\5.2.2.RELEASE\spring-security-core-5.2.2.RELEASE.jar;D:\MAVEN_LIB\org\springframework\security\spring-security-web\5.2.2.RELEASE\spring-security-web-5.2.2.RELEASE.jar;D:\MAVEN_LIB\org\springframework\spring-expression\5.2.3.RELEASE\spring-expression-5.2.3.RELEASE.jar;D:\MAVEN_LIB\org\springframework\boot\spring-boot-starter-web\2.2.6.RELEASE\spring-boot-starter-web-2.2.6.RELEASE.jar;D:\MAVEN_LIB\org\springframework\boot\spring-boot-starter-json\2.2.6.RELEASE\spring-boot-starter-json-2.2.6.RELEASE.jar;D:\MAVEN_LIB\com\fasterxml\jackson\datatype\jackson-datatype-jdk8\2.10.3\jackson-datatype-jdk8-2.10.3.jar;D:\MAVEN_LIB\com\fasterxml\jackson\module\jackson-module-parameter-names\2.10.3\jackson-module-parameter-names-2.10.3.jar;D:\MAVEN_LIB\org\springframework\boot\spring-boot-starter-tomcat\2.2.6.RELEASE\spring-boot-starter-tomcat-2.2.6.RELEASE.jar;D:\MAVEN_LIB\org\apache\tomcat\embed\tomcat-embed-core\9.0.33\tomcat-embed-core-9.0.33.jar;D:\MAVEN_LIB\org\apache\tomcat\embed\tomcat-embed-el\9.0.33\tomcat-embed-el-9.0.33.jar;D:\MAVEN_LIB\org\apache\tomcat\embed\tomcat-embed-websocket\9.0.33\tomcat-embed-websocket-9.0.33.jar;D:\MAVEN_LIB\org\springframework\boot\spring-boot-starter-validation\2.2.6.RELEASE\spring-boot-starter-validation-2.2.6.RELEASE.jar;D:\MAVEN_LIB\jakarta\validation\jakarta.validation-api\2.0.2\jakarta.validation-api-2.0.2.jar;D:\MAVEN_LIB\org\hibernate\validator\hibernate-validator\6.0.18.Final\hibernate-validator-6.0.18.Final.jar;D:\MAVEN_LIB\org\jboss\logging\jboss-logging\3.3.2.Final\jboss-logging-3.3.2.Final.jar;D:\MAVEN_LIB\com\fasterxml\classmate\1.3.4\classmate-1.3.4.jar;D:\MAVEN_LIB\org\springframework\spring-web\5.2.5.RELEASE\spring-web-5.2.5.RELEASE.jar;D:\MAVEN_LIB\org\springframework\spring-webmvc\5.2.5.RELEASE\spring-webmvc-5.2.5.RELEASE.jar;D:\MAVEN_LIB\org\springframework\boot\spring-boot-autoconfigure\2.2.6.RELEASE\spring-boot-autoconfigure-2.2.6.RELEASE.jar;D:\MAVEN_LIB\org\projectlombok\lombok\1.18.12\lombok-1.18.12.jar;D:\MAVEN_LIB\com\intuit\karate\karate-apache\0.9.5\karate-apache-0.9.5.jar;D:\MAVEN_LIB\com\intuit\karate\karate-core\0.9.5\karate-core-0.9.5.jar;D:\MAVEN_LIB\com\jayway\jsonpath\json-path\2.4.0\json-path-2.4.0.jar;D:\MAVEN_LIB\net\minidev\json-smart\2.3\json-smart-2.3.jar;D:\MAVEN_LIB\net\minidev\accessors-smart\1.2\accessors-smart-1.2.jar;D:\MAVEN_LIB\org\ow2\asm\asm\5.0.4\asm-5.0.4.jar;D:\MAVEN_LIB\info\cukes\cucumber-java\1.2.5\cucumber-java-1.2.5.jar;D:\MAVEN_LIB\info\cukes\cucumber-core\1.2.5\cucumber-core-1.2.5.jar;D:\MAVEN_LIB\org\yaml\snakeyaml\1.24\snakeyaml-1.24.jar;D:\MAVEN_LIB\de\siegmar\fastcsv\1.0.3\fastcsv-1.0.3.jar;D:\MAVEN_LIB\info\picocli\picocli\4.0.3\picocli-4.0.3.jar;D:\MAVEN_LIB\org\apache\httpcomponents\httpclient\4.5.11\httpclient-4.5.11.jar;D:\MAVEN_LIB\org\apache\httpcomponents\httpcore\4.4.13\httpcore-4.4.13.jar;D:\MAVEN_LIB\commons-codec\commons-codec\1.11\commons-codec-1.11.jar;D:\MAVEN_LIB\org\apache\httpcomponents\httpmime\4.5.11\httpmime-4.5.11.jar;D:\MAVEN_LIB\org\slf4j\jcl-over-slf4j\1.7.25\jcl-over-slf4j-1.7.25.jar;D:\MAVEN_LIB\org\slf4j\slf4j-api\1.7.25\slf4j-api-1.7.25.jar;D:\MAVEN_LIB\ch\qos\logback\logback-classic\1.2.3\logback-classic-1.2.3.jar;D:\MAVEN_LIB\ch\qos\logback\logback-core\1.2.3\logback-core-1.2.3.jar;D:\MAVEN_LIB\com\intuit\karate\karate-junit5\0.9.5\karate-junit5-0.9.5.jar;D:\MAVEN_LIB\org\junit\jupiter\junit-jupiter-api\5.5.0\junit-jupiter-api-5.5.0.jar;D:\MAVEN_LIB\org\apiguardian\apiguardian-api\1.1.0\apiguardian-api-1.1.0.jar;D:\MAVEN_LIB\org\opentest4j\opentest4j\1.2.0\opentest4j-1.2.0.jar;D:\MAVEN_LIB\org\junit\platform\junit-platform-commons\1.5.0\junit-platform-commons-1.5.0.jar;D:\MAVEN_LIB\org\junit\jupiter\junit-jupiter-engine\5.5.0\junit-jupiter-engine-5.5.0.jar;D:\MAVEN_LIB\org\junit\platform\junit-platform-engine\1.5.0\junit-platform-engine-1.5.0.jar;"/>
    <property name="sun.cpu.endian" value="little"/>
    <property name="user.home" value="C:\Users\SANDEEP"/>
    <property name="user.language" value="en"/>
    <property name="java.specification.vendor" value="Oracle Corporation"/>
    <property name="java.home" value="C:\Program Files\Java\jdk1.8.0_261\jre"/>
    <property name="basedir" value="E:\sandeep\spring-boot-coding-exercise\functional-tests"/>
    <property name="file.separator" value="\"/>
    <property name="line.separator" value="&#10;"/>
    <property name="java.vm.specification.vendor" value="Oracle Corporation"/>
    <property name="java.specification.name" value="Java Platform API Specification"/>
    <property name="java.awt.graphicsenv" value="sun.awt.Win32GraphicsEnvironment"/>
    <property name="surefire.real.class.path" value="C:\Users\SANDEEP\AppData\Local\Temp\surefire4782318817399562169\surefirebooter8257928189693713687.jar"/>
    <property name="sun.boot.class.path" value="C:\Program Files\Java\jdk1.8.0_261\jre\lib\resources.jar;C:\Program Files\Java\jdk1.8.0_261\jre\lib\rt.jar;C:\Program Files\Java\jdk1.8.0_261\jre\lib\sunrsasign.jar;C:\Program Files\Java\jdk1.8.0_261\jre\lib\jsse.jar;C:\Program Files\Java\jdk1.8.0_261\jre\lib\jce.jar;C:\Program Files\Java\jdk1.8.0_261\jre\lib\charsets.jar;C:\Program Files\Java\jdk1.8.0_261\jre\lib\jfr.jar;C:\Program Files\Java\jdk1.8.0_261\jre\classes"/>
    <property name="user.script" value=""/>
    <property name="sun.management.compiler" value="HotSpot 64-Bit Tiered Compilers"/>
    <property name="java.runtime.version" value="1.8.0_261-b12"/>
    <property name="user.name" value="SANDEEP"/>
    <property name="path.separator" value=";"/>
    <property name="os.version" value="10.0"/>
    <property name="java.endorsed.dirs" value="C:\Program Files\Java\jdk1.8.0_261\jre\lib\endorsed"/>
    <property name="java.runtime.name" value="Java(TM) SE Runtime Environment"/>
    <property name="file.encoding" value="Cp1252"/>
    <property name="java.vm.name" value="Java HotSpot(TM) 64-Bit Server VM"/>
    <property name="localRepository" value="D:\MAVEN_LIB"/>
    <property name="java.vendor.url.bug" value="http://bugreport.sun.com/bugreport/"/>
    <property name="java.io.tmpdir" value="C:\Users\SANDEEP\AppData\Local\Temp\"/>
    <property name="java.version" value="1.8.0_261"/>
    <property name="user.dir" value="E:\sandeep\spring-boot-coding-exercise\functional-tests"/>
    <property name="os.arch" value="amd64"/>
    <property name="java.vm.specification.name" value="Java Virtual Machine Specification"/>
    <property name="java.awt.printerjob" value="sun.awt.windows.WPrinterJob"/>
    <property name="sun.os.patch.level" value=""/>
    <property name="java.library.path" value="C:\Program Files\Java\jdk1.8.0_261\jre\bin;C:\windows\Sun\Java\bin;C:\windows\system32;C:\windows;C:\Program Files (x86)\Common Files\Oracle\Java\javapath;C:\Program Files\SlickEdit Pro 23.0.2\win\;E:\app\SANDEEP\virtual\product\12.2.0\dbhome_1\bin;C:\windows\system32;C:\windows;C:\windows\System32\Wbem;C:\windows\System32\WindowsPowerShell\v1.0\;C:\windows\System32\OpenSSH\;C:\Program Files\Java\jdk1.8.0_261\bin;D:\apache-maven-3.5.4\bin;C:\Program Files\TortoiseSVN\bin;C:\Program Files\Git\cmd;C:\Program Files\Git\bin;D:\gradle-5.5.1\bin;D:\liquibase-3.7.0-bin;C:\Program Files\PostgreSQL\10\bin;C:\Program Files\PostgreSQL\10\lib;E:\apache-zookeeper-3.5.5-bin\bin;D:\kafka_2.12-2.2.0\bin;C:\Program Files\Amazon\AWSCLIV2DevPreview\;C:\Program Files\PuTTY\;C:\Program Files\nodejs\;C:\Users\SANDEEP\AppData\Local\Programs\Python\Python38\Scripts\;C:\Users\SANDEEP\AppData\Local\Programs\Python\Python38\;C:\Users\SANDEEP\AppData\Local\Microsoft\WindowsApps;C:\Program Files\JetBrains\DataGrip 2019.2\bin;C:\Users\SANDEEP\AppData\Local\Programs\Microsoft VS Code\bin;C:\Users\SANDEEP\AppData\Local\GitHubDesktop\bin;C:\Users\SANDEEP\AppData\Roaming\npm;."/>
    <property name="java.vm.info" value="mixed mode"/>
    <property name="java.vendor" value="Oracle Corporation"/>
    <property name="java.vm.version" value="25.261-b12"/>
    <property name="java.ext.dirs" value="C:\Program Files\Java\jdk1.8.0_261\jre\lib\ext;C:\windows\Sun\Java\lib\ext"/>
    <property name="sun.io.unicode.encoding" value="UnicodeLittle"/>
    <property name="java.class.version" value="52.0"/>
  </properties>
  <testcase name="testMicroservice[1][1]" classname="com.telstra.codechallenge.FunctionalIT" time="6.411"/>
  <testcase name="testMicroservice[1][2]" classname="com.telstra.codechallenge.FunctionalIT" time="2.222"/>
  <testcase name="testGitHub[1][1]" classname="com.telstra.codechallenge.FunctionalIT" time="1.546"/>
  <testcase name="testGitHub[1][2]" classname="com.telstra.codechallenge.FunctionalIT" time="1.741"/>
  <testcase name="testQuotes[1][1]" classname="com.telstra.codechallenge.FunctionalIT" time="1.403"/>
  <testcase name="testQuotes[1][2]" classname="com.telstra.codechallenge.FunctionalIT" time="1.502"/>
  <testcase name="testHelloWorld[1][1]" classname="com.telstra.codechallenge.FunctionalIT" time="0.781"/>
</testsuite>